# JRE version: OpenJDK Runtime Environment Temurin-21.0.9+10 (21.0.9+10) (build 21.0.9+10-LTS)
# Java VM: OpenJDK 64-Bit Server VM Temurin-21.0.9+10 (21.0.9+10-LTS, mixed mode, sharing, tiered, compressed oops, compressed class ptrs, g1 gc, windows-amd64)
GC Precious Log:
 CardTable entry size: 512
 Card Set container configuration: InlinePtr #cards 4 size 8 Array Of Cards #cards 32 size 80 Howl #buckets 8 coarsen threshold 7372 Howl Bitmap #cards 1024 size 144 coarsen threshold 921 Card regions per heap region 1 cards per card region 8192
 CPUs: 12 total, 12 available
 Memory: 24397M
 Large Page Support: Disabled
 NUMA Support: Disabled
 Compressed Oops: Enabled (Zero based)
 Heap Region Size: 4M
 Heap Min Capacity: 8M
 Heap Initial Capacity: 384M
 Heap Max Capacity: 6100M
 Pre-touch: Disabled
 Parallel Workers: 10
 Concurrent Workers: 3
 Concurrent Refinement Workers: 10
 Periodic GC: Disabled
Heap:
 garbage-first heap   total 122880K, used 100436K [0x0000000682c00000, 0x0000000800000000)
  region size 4096K, 16 young (65536K), 2 survivors (8192K)
 Metaspace       used 93736K, committed 95040K, reserved 1179648K
  class space    used 12251K, committed 12864K, reserved 1048576K
GC Heap History (20 events):
Event: 242.240 GC heap before
{Heap before GC invocations=17 (full 1):
 garbage-first heap   total 122880K, used 91578K [0x0000000682c00000, 0x0000000800000000)
  region size 4096K, 15 young (61440K), 2 survivors (8192K)
 Metaspace       used 78629K, committed 79424K, reserved 1179648K
  class space    used 10424K, committed 10752K, reserved 1048576K
}
Event: 242.244 GC heap after
{Heap after GC invocations=18 (full 1):
 garbage-first heap   total 122880K, used 42261K [0x0000000682c00000, 0x0000000800000000)
  region size 4096K, 2 young (8192K), 2 survivors (8192K)
 Metaspace       used 78629K, committed 79424K, reserved 1179648K
  class space    used 10424K, committed 10752K, reserved 1048576K
}
Event: 283.961 GC heap before
{Heap before GC invocations=18 (full 1):
 garbage-first heap   total 122880K, used 91413K [0x0000000682c00000, 0x0000000800000000)
  region size 4096K, 14 young (57344K), 2 survivors (8192K)
 Metaspace       used 81591K, committed 82496K, reserved 1179648K
  class space    used 10787K, committed 11200K, reserved 1048576K
}
Event: 283.965 GC heap after
{Heap after GC invocations=19 (full 1):
 garbage-first heap   total 122880K, used 45141K [0x0000000682c00000, 0x0000000800000000)
  region size 4096K, 2 young (8192K), 2 survivors (8192K)
 Metaspace       used 81591K, committed 82496K, reserved 1179648K
  class space    used 10787K, committed 11200K, reserved 1048576K
}
Event: 284.799 GC heap before
{Heap before GC invocations=19 (full 1):
 garbage-first heap   total 122880K, used 94293K [0x0000000682c00000, 0x0000000800000000)
  region size 4096K, 14 young (57344K), 2 survivors (8192K)
 Metaspace       used 85803K, committed 86976K, reserved 1179648K
  class space    used 11365K, committed 11904K, reserved 1048576K
}
Event: 284.807 GC heap after
{Heap after GC invocations=20 (full 1):
 garbage-first heap   total 122880K, used 51823K [0x0000000682c00000, 0x0000000800000000)
  region size 4096K, 2 young (8192K), 2 survivors (8192K)
 Metaspace       used 85803K, committed 86976K, reserved 1179648K
  class space    used 11365K, committed 11904K, reserved 1048576K
}
Event: 398.807 GC heap before
{Heap before GC invocations=20 (full 1):
 garbage-first heap   total 122880K, used 92783K [0x0000000682c00000, 0x0000000800000000)
  region size 4096K, 13 young (53248K), 2 survivors (8192K)
 Metaspace       used 88041K, committed 89280K, reserved 1179648K
  class space    used 11618K, committed 12160K, reserved 1048576K
}
Event: 398.813 GC heap after
{Heap after GC invocations=21 (full 1):
 garbage-first heap   total 122880K, used 56243K [0x0000000682c00000, 0x0000000800000000)
  region size 4096K, 1 young (4096K), 1 survivors (4096K)
 Metaspace       used 88041K, committed 89280K, reserved 1179648K
  class space    used 11618K, committed 12160K, reserved 1048576K
}
Event: 511.275 GC heap before
{Heap before GC invocations=21 (full 1):
 garbage-first heap   total 122880K, used 97203K [0x0000000682c00000, 0x0000000800000000)
  region size 4096K, 11 young (45056K), 1 survivors (4096K)
 Metaspace       used 91687K, committed 92928K, reserved 1179648K
  class space    used 12133K, committed 12736K, reserved 1048576K
}
Event: 511.281 GC heap after
{Heap after GC invocations=22 (full 1):
 garbage-first heap   total 122880K, used 56679K [0x0000000682c00000, 0x0000000800000000)
  region size 4096K, 2 young (8192K), 2 survivors (8192K)
 Metaspace       used 91687K, committed 92928K, reserved 1179648K
  class space    used 12133K, committed 12736K, reserved 1048576K
}
Event: 687.224 GC heap before
{Heap before GC invocations=23 (full 1):
 garbage-first heap   total 122880K, used 97639K [0x0000000682c00000, 0x0000000800000000)
  region size 4096K, 12 young (49152K), 2 survivors (8192K)
 Metaspace       used 91731K, committed 93056K, reserved 1179648K
  class space    used 12134K, committed 12736K, reserved 1048576K
}
Event: 687.227 GC heap after
{Heap after GC invocations=24 (full 1):
 garbage-first heap   total 122880K, used 56831K [0x0000000682c00000, 0x0000000800000000)
  region size 4096K, 2 young (8192K), 2 survivors (8192K)
 Metaspace       used 91731K, committed 93056K, reserved 1179648K
  class space    used 12134K, committed 12736K, reserved 1048576K
}
Event: 824.303 GC heap before
{Heap before GC invocations=24 (full 1):
 garbage-first heap   total 122880K, used 97791K [0x0000000682c00000, 0x0000000800000000)
  region size 4096K, 12 young (49152K), 2 survivors (8192K)
 Metaspace       used 92256K, committed 93568K, reserved 1179648K
  class space    used 12179K, committed 12800K, reserved 1048576K
}
Event: 824.308 GC heap after
{Heap after GC invocations=25 (full 1):
 garbage-first heap   total 122880K, used 55299K [0x0000000682c00000, 0x0000000800000000)
  region size 4096K, 2 young (8192K), 2 survivors (8192K)
 Metaspace       used 92256K, committed 93568K, reserved 1179648K
  class space    used 12179K, committed 12800K, reserved 1048576K
}
Event: 1040.370 GC heap before
{Heap before GC invocations=25 (full 1):
 garbage-first heap   total 122880K, used 104451K [0x0000000682c00000, 0x0000000800000000)
  region size 4096K, 14 young (57344K), 2 survivors (8192K)
 Metaspace       used 92285K, committed 93568K, reserved 1179648K
  class space    used 12179K, committed 12800K, reserved 1048576K
}
Event: 1040.373 GC heap after
{Heap after GC invocations=26 (full 1):
 garbage-first heap   total 122880K, used 55189K [0x0000000682c00000, 0x0000000800000000)
  region size 4096K, 1 young (4096K), 1 survivors (4096K)
 Metaspace       used 92285K, committed 93568K, reserved 1179648K
  class space    used 12179K, committed 12800K, reserved 1048576K
}
Event: 1127.325 GC heap before
{Heap before GC invocations=26 (full 1):
 garbage-first heap   total 122880K, used 79765K [0x0000000682c00000, 0x0000000800000000)
  region size 4096K, 8 young (32768K), 1 survivors (4096K)
 Metaspace       used 92448K, committed 93760K, reserved 1179648K
  class space    used 12182K, committed 12800K, reserved 1048576K
}
Event: 1127.455 GC heap after
{Heap after GC invocations=27 (full 2):
 garbage-first heap   total 122880K, used 41644K [0x0000000682c00000, 0x0000000800000000)
  region size 4096K, 0 young (0K), 0 survivors (0K)
 Metaspace       used 92441K, committed 93760K, reserved 1179648K
  class space    used 12180K, committed 12800K, reserved 1048576K
}
Event: 1128.186 GC heap before
{Heap before GC invocations=27 (full 2):
 garbage-first heap   total 122880K, used 103084K [0x0000000682c00000, 0x0000000800000000)
  region size 4096K, 16 young (65536K), 0 survivors (0K)
 Metaspace       used 93128K, committed 94464K, reserved 1179648K
  class space    used 12226K, committed 12864K, reserved 1048576K
}
Event: 1128.189 GC heap after
{Heap after GC invocations=28 (full 2):
 garbage-first heap   total 122880K, used 47188K [0x0000000682c00000, 0x0000000800000000)
  region size 4096K, 2 young (8192K), 2 survivors (8192K)
 Metaspace       used 93128K, committed 94464K, reserved 1179648K
  class space    used 12226K, committed 12864K, reserved 1048576K
}

